<?xml version="1.0" encoding="UTF-8"?>
<!-- Generated by org.testng.reporters.JUnitXMLReporter -->
<testsuite ignored="2" hostname="DESKTOP-DGP1LUM" failures="0" tests="2" name="Test" time="79.726" errors="0" timestamp="2024-09-09T18:46:34 IST">
  <testcase classname="testcase_repo.LE_01" name="le_01TC" time="21.666"/>
  <testcase classname="testcase_repo.LE_02" name="le_02TC" time="6.748"/>
  <testcase classname="genericLibrary.BaseClass" name="@AfterSuite closeDB" time="0.0">
    <ignored/>
  </testcase> <!-- @AfterSuite closeDB -->
  <testcase classname="genericLibrary.BaseClass" name="@BeforeSuite LoginDB" time="0.0">
    <ignored/>
  </testcase> <!-- @BeforeSuite LoginDB -->
</testsuite> <!-- Test -->
