<?xml version="1.0" encoding="UTF-8"?>
<!-- Generated by org.testng.reporters.JUnitXMLReporter -->
<testsuite ignored="2" hostname="DESKTOP-DGP1LUM" failures="0" tests="2" name="Test1" time="40.779" errors="0" timestamp="2024-09-09T18:47:15 IST">
  <testcase classname="testcase_repo.LE_01" name="le_01TC" time="5.235"/>
  <testcase classname="testcase_repo.LE_02" name="le_02TC" time="7.386"/>
  <testcase classname="genericLibrary.BaseClass" name="@AfterSuite closeDB" time="0.0">
    <ignored/>
  </testcase> <!-- @AfterSuite closeDB -->
  <testcase classname="genericLibrary.BaseClass" name="@BeforeSuite LoginDB" time="0.0">
    <ignored/>
  </testcase> <!-- @BeforeSuite LoginDB -->
</testsuite> <!-- Test1 -->
